2018-10-31 21:25:30 WARN  NativeCodeLoader:52 - Unable to load native-hadoop library for your platform... using builtin-java classes where applicable
2018-10-31 21:25:30 ERROR UserGroupInformation:1193 - PriviledgedActionException as:anton cause:java.io.IOException: Failed to set permissions of path: \tmp\hadoop-anton\mapred\staging\anton296089499\.staging to 0700
2018-10-31 21:42:13 ERROR TestDriver:352 - Missing expected output (India, -0.19097806941185158) at position 0.
2018-10-31 21:42:13 ERROR TestDriver:352 - Received unexpected output (India, -0.2486333987445318) at position 0.
2018-10-31 21:42:13 ERROR TestDriver:352 - Missing expected output (India, -0.19097806941185158) at position 0.
2018-10-31 21:42:13 ERROR TestDriver:352 - Received unexpected output (India, -0.2486333987445318) at position 0.
2018-10-31 21:42:13 ERROR TestDriver:352 - Missing expected output (India, -0.19097806941185158) at position 0.
2018-10-31 21:42:13 ERROR TestDriver:352 - Received unexpected output (India, -0.2486333987445318) at position 0.
2018-10-31 21:46:17 ERROR TestDriver:352 - Missing expected output (India, 2.0) at position 0.
2018-10-31 21:46:17 ERROR TestDriver:352 - Received unexpected output (India, -0.2486333987445318) at position 0.
2018-10-31 21:46:17 ERROR TestDriver:352 - Missing expected output (India, 2.0) at position 0.
2018-10-31 21:46:17 ERROR TestDriver:352 - Received unexpected output (India, -0.2486333987445318) at position 0.
2018-10-31 21:46:17 ERROR TestDriver:352 - Missing expected output (India, 2.0) at position 0.
2018-10-31 21:46:17 ERROR TestDriver:352 - Received unexpected output (India, -0.2486333987445318) at position 0.
2018-10-31 21:47:08 ERROR TestDriver:352 - Missing expected output (India, -0.2029141987500923) at position 0.
2018-10-31 21:47:08 ERROR TestDriver:352 - Received unexpected output (India, -0.2486333987445318) at position 0.
2018-10-31 21:47:08 ERROR TestDriver:352 - Missing expected output (India, -0.2029141987500923) at position 0.
2018-10-31 21:47:08 ERROR TestDriver:352 - Received unexpected output (India, -0.2486333987445318) at position 0.
2018-10-31 21:47:08 ERROR TestDriver:352 - Missing expected output (India, -0.2029141987500923) at position 0.
2018-10-31 21:47:08 ERROR TestDriver:352 - Received unexpected output (India, -0.2486333987445318) at position 0.
2018-10-31 21:47:30 ERROR TestDriver:352 - Missing expected output (India, -1.082209060000492) at position 0.
2018-10-31 21:47:30 ERROR TestDriver:352 - Received unexpected output (India, -0.2486333987445318) at position 0.
2018-10-31 21:47:30 ERROR TestDriver:352 - Missing expected output (India, -1.082209060000492) at position 0.
2018-10-31 21:47:30 ERROR TestDriver:352 - Received unexpected output (India, -0.2486333987445318) at position 0.
2018-10-31 21:47:30 ERROR TestDriver:352 - Missing expected output (India, -1.082209060000492) at position 0.
2018-10-31 21:47:30 ERROR TestDriver:352 - Received unexpected output (India, -0.2486333987445318) at position 0.
2018-10-31 21:47:52 ERROR TestDriver:352 - Missing expected output (India, -0.21644181200009843) at position 0.
2018-10-31 21:47:52 ERROR TestDriver:352 - Received unexpected output (India, -0.2486333987445318) at position 0.
2018-10-31 21:47:52 ERROR TestDriver:352 - Missing expected output (India, -0.21644181200009843) at position 0.
2018-10-31 21:47:52 ERROR TestDriver:352 - Received unexpected output (India, -0.2486333987445318) at position 0.
2018-10-31 21:47:52 ERROR TestDriver:352 - Missing expected output (India, -0.21644181200009843) at position 0.
2018-10-31 21:47:52 ERROR TestDriver:352 - Received unexpected output (India, -0.2486333987445318) at position 0.
2018-10-31 21:48:13 ERROR TestDriver:352 - Missing expected output (India, -0.23190194142867693) at position 0.
2018-10-31 21:48:13 ERROR TestDriver:352 - Received unexpected output (India, -0.2486333987445318) at position 0.
2018-10-31 21:48:13 ERROR TestDriver:352 - Missing expected output (India, -0.23190194142867693) at position 0.
2018-10-31 21:48:13 ERROR TestDriver:352 - Received unexpected output (India, -0.2486333987445318) at position 0.
2018-10-31 21:48:13 ERROR TestDriver:352 - Missing expected output (India, -0.23190194142867693) at position 0.
2018-10-31 21:48:13 ERROR TestDriver:352 - Received unexpected output (India, -0.2486333987445318) at position 0.
2018-10-31 21:48:34 ERROR TestDriver:352 - Missing expected output (India, -0.2497405523078059) at position 0.
2018-10-31 21:48:34 ERROR TestDriver:352 - Received unexpected output (India, -0.2486333987445318) at position 0.
2018-10-31 21:48:34 ERROR TestDriver:352 - Missing expected output (India, -0.2497405523078059) at position 0.
2018-10-31 21:48:34 ERROR TestDriver:352 - Received unexpected output (India, -0.2486333987445318) at position 0.
2018-10-31 21:48:34 ERROR TestDriver:352 - Missing expected output (India, -0.2497405523078059) at position 0.
2018-10-31 21:48:34 ERROR TestDriver:352 - Received unexpected output (India, -0.2486333987445318) at position 0.
2018-10-31 21:49:38 ERROR TestDriver:352 - Missing expected output (India, -0.2497405523078059) at position 0.
2018-10-31 21:49:38 ERROR TestDriver:352 - Received unexpected output (India, -0.2486333987445318) at position 0.
2018-10-31 21:49:38 ERROR TestDriver:352 - Missing expected output (India, -0.2497405523078059) at position 0.
2018-10-31 21:49:38 ERROR TestDriver:352 - Received unexpected output (India, -0.2486333987445318) at position 0.
2018-10-31 21:49:39 ERROR TestDriver:352 - Missing expected output (India, -0.2497405523078059) at position 0.
2018-10-31 21:49:39 ERROR TestDriver:352 - Received unexpected output (India, -0.2486333987445318) at position 0.
2018-10-31 21:50:08 ERROR TestDriver:352 - Missing expected output (India, -0.19097806941185158) at position 0.
2018-10-31 21:50:08 ERROR TestDriver:352 - Received unexpected output (India, -0.2486333987445318) at position 0.
2018-10-31 21:50:08 ERROR TestDriver:352 - Missing expected output (India, -0.19097806941185158) at position 0.
2018-10-31 21:50:08 ERROR TestDriver:352 - Received unexpected output (India, -0.2486333987445318) at position 0.
2018-10-31 21:50:08 ERROR TestDriver:352 - Missing expected output (India, -0.19097806941185158) at position 0.
2018-10-31 21:50:08 ERROR TestDriver:352 - Received unexpected output (India, -0.2486333987445318) at position 0.
2018-10-31 21:53:09 ERROR TestDriver:352 - Missing expected output (India, -0.19097806941185158) at position 0.
2018-10-31 21:53:09 ERROR TestDriver:352 - Received unexpected output (India, -0.2486333987445318) at position 0.
2018-10-31 21:53:09 ERROR TestDriver:352 - Missing expected output (India, -0.19097806941185158) at position 0.
2018-10-31 21:53:09 ERROR TestDriver:352 - Received unexpected output (India, -0.2486333987445318) at position 0.
2018-10-31 21:53:09 ERROR TestDriver:352 - Missing expected output (India, -0.19097806941185158) at position 0.
2018-10-31 21:53:09 ERROR TestDriver:352 - Received unexpected output (India, -0.2486333987445318) at position 0.
2018-10-31 21:56:08 ERROR TestDriver:352 - Missing expected output (India, -0.19097789105045102) at position 0.
2018-10-31 21:56:08 ERROR TestDriver:352 - Received unexpected output (India, -0.2486333987445318) at position 0.
2018-10-31 21:56:08 ERROR TestDriver:352 - Missing expected output (India, -0.19097789105045102) at position 0.
2018-10-31 21:56:08 ERROR TestDriver:352 - Received unexpected output (India, -0.2486333987445318) at position 0.
2018-10-31 21:56:09 ERROR TestDriver:352 - Missing expected output (India, -0.19097789105045102) at position 0.
2018-10-31 21:56:09 ERROR TestDriver:352 - Received unexpected output (India, -0.2486333987445318) at position 0.
2018-10-31 22:03:59 ERROR TestDriver:352 - Missing expected output (India, -0.19097806941185158) at position 0.
2018-10-31 22:03:59 ERROR TestDriver:352 - Received unexpected output (India, -0.2486333987445318) at position 0.
2018-10-31 22:03:59 ERROR TestDriver:352 - Missing expected output (India, -0.19097806941185158) at position 0.
2018-10-31 22:03:59 ERROR TestDriver:352 - Received unexpected output (India, -0.2486333987445318) at position 0.
2018-10-31 22:03:59 ERROR TestDriver:352 - Missing expected output (India, -0.19097806941185158) at position 0.
2018-10-31 22:03:59 ERROR TestDriver:352 - Received unexpected output (India, -0.2486333987445318) at position 0.
2018-10-31 22:05:54 ERROR TestDriver:352 - Missing expected output (India, -0.19097806941185158) at position 0.
2018-10-31 22:05:54 ERROR TestDriver:352 - Received unexpected output (India, -0.24863339874435184) at position 0.
2018-10-31 22:05:54 ERROR TestDriver:352 - Missing expected output (India, -0.19097806941185158) at position 0.
2018-10-31 22:05:54 ERROR TestDriver:352 - Received unexpected output (India, -0.24863339874435184) at position 0.
2018-10-31 22:05:54 ERROR TestDriver:352 - Missing expected output (India, -0.19097806941185158) at position 0.
2018-10-31 22:05:54 ERROR TestDriver:352 - Received unexpected output (India, -0.24863339874435184) at position 0.
2018-10-31 22:06:20 ERROR TestDriver:352 - Missing expected output (India, -0.19097806941185158) at position 0.
2018-10-31 22:06:20 ERROR TestDriver:352 - Received unexpected output (India, -0.2029141987502723) at position 0.
2018-10-31 22:06:20 ERROR TestDriver:352 - Missing expected output (India, -0.19097806941185158) at position 0.
2018-10-31 22:06:20 ERROR TestDriver:352 - Received unexpected output (India, -0.2029141987502723) at position 0.
2018-10-31 22:06:20 ERROR TestDriver:352 - Missing expected output (India, -0.19097806941185158) at position 0.
2018-10-31 22:06:20 ERROR TestDriver:352 - Received unexpected output (India, -0.2029141987502723) at position 0.
2018-10-31 22:06:58 ERROR TestDriver:352 - Missing expected output (India, -0.19097806941185158) at position 0.
2018-10-31 22:06:58 ERROR TestDriver:352 - Received unexpected output (India, -0.2029141987502723) at position 0.
2018-10-31 22:06:58 ERROR TestDriver:352 - Missing expected output (India, -0.19097806941185158) at position 0.
2018-10-31 22:06:58 ERROR TestDriver:352 - Received unexpected output (India, -0.2029141987502723) at position 0.
2018-10-31 22:06:58 ERROR TestDriver:352 - Missing expected output (India, -0.19097806941185158) at position 0.
2018-10-31 22:06:58 ERROR TestDriver:352 - Received unexpected output (India, -0.2029141987502723) at position 0.
2018-10-31 22:07:14 ERROR TestDriver:352 - Missing expected output (India, -0.19097806941185158) at position 0.
2018-10-31 22:07:14 ERROR TestDriver:352 - Received unexpected output (India, -0.2486333987445318) at position 0.
2018-10-31 22:07:14 ERROR TestDriver:352 - Missing expected output (India, -0.19097806941185158) at position 0.
2018-10-31 22:07:14 ERROR TestDriver:352 - Received unexpected output (India, -0.2486333987445318) at position 0.
2018-10-31 22:07:14 ERROR TestDriver:352 - Missing expected output (India, -0.19097806941185158) at position 0.
2018-10-31 22:07:14 ERROR TestDriver:352 - Received unexpected output (India, -0.2486333987445318) at position 0.
2018-10-31 22:07:51 ERROR TestDriver:352 - Missing expected output (India, -0.19097806941185158) at position 0.
2018-10-31 22:07:51 ERROR TestDriver:352 - Received unexpected output (India, -0.2486333987445318) at position 0.
2018-10-31 22:07:51 ERROR TestDriver:352 - Missing expected output (India, -0.19097806941185158) at position 0.
2018-10-31 22:07:51 ERROR TestDriver:352 - Received unexpected output (India, -0.2486333987445318) at position 0.
2018-10-31 22:07:51 ERROR TestDriver:352 - Missing expected output (India, -0.19097806941185158) at position 0.
2018-10-31 22:07:51 ERROR TestDriver:352 - Received unexpected output (India, -0.2486333987445318) at position 0.
2018-10-31 22:13:20 ERROR TestDriver:352 - Missing expected output (India, -0.19097806941185158) at position 0.
2018-10-31 22:13:20 ERROR TestDriver:352 - Received unexpected output (India, -0.2486333987445318) at position 0.
2018-10-31 22:13:20 ERROR TestDriver:352 - Missing expected output (India, -0.19097806941185158) at position 0.
2018-10-31 22:13:20 ERROR TestDriver:352 - Received unexpected output (India, -0.2486333987445318) at position 0.
2018-10-31 22:13:21 ERROR TestDriver:352 - Missing expected output (India, -0.19097806941185158) at position 0.
2018-10-31 22:13:21 ERROR TestDriver:352 - Received unexpected output (India, -0.2486333987445318) at position 0.
2018-10-31 22:14:26 ERROR TestDriver:352 - Missing expected output (India, -0.19097806941185158) at position 0.
2018-10-31 22:14:26 ERROR TestDriver:352 - Received unexpected output (India, -0.2486333987445318) at position 0.
2018-10-31 22:14:26 ERROR TestDriver:352 - Missing expected output (India, -0.19097806941185158) at position 0.
2018-10-31 22:14:26 ERROR TestDriver:352 - Received unexpected output (India, -0.2486333987445318) at position 0.
2018-10-31 22:14:26 ERROR TestDriver:352 - Missing expected output (India, -0.19097806941185158) at position 0.
2018-10-31 22:14:26 ERROR TestDriver:352 - Received unexpected output (India, -0.2486333987445318) at position 0.
2018-10-31 22:18:14 ERROR TestDriver:352 - Missing expected output (India, -0.19097806941185158) at position 0.
2018-10-31 22:18:14 ERROR TestDriver:352 - Received unexpected output (India, -0.2486333987445318) at position 0.
2018-10-31 22:18:14 ERROR TestDriver:352 - Missing expected output (India, -0.19097806941185158) at position 0.
2018-10-31 22:18:14 ERROR TestDriver:352 - Received unexpected output (India, -0.2486333987445318) at position 0.
2018-10-31 22:18:14 ERROR TestDriver:352 - Missing expected output (India, -0.19097806941185158) at position 0.
2018-10-31 22:18:14 ERROR TestDriver:352 - Received unexpected output (India, -0.2486333987445318) at position 0.
2018-10-31 22:19:33 ERROR TestDriver:352 - Missing expected output (India, -0.19097806941185158) at position 0.
2018-10-31 22:19:33 ERROR TestDriver:352 - Received unexpected output (India, -0.2486333987445318) at position 0.
2018-10-31 22:19:33 ERROR TestDriver:352 - Missing expected output (India, -0.19097806941185158) at position 0.
2018-10-31 22:19:33 ERROR TestDriver:352 - Received unexpected output (India, -0.2486333987445318) at position 0.
2018-10-31 22:19:33 ERROR TestDriver:352 - Missing expected output (India, -0.19097806941185158) at position 0.
2018-10-31 22:19:33 ERROR TestDriver:352 - Received unexpected output (India, -0.2486333987445318) at position 0.
2018-10-31 22:28:36 ERROR TestDriver:352 - Missing expected output (India, -0.2486333987445318) at position 0.
2018-10-31 22:28:36 ERROR TestDriver:352 - Received unexpected output (India, -0.190978069412021) at position 0.
2018-10-31 22:28:36 ERROR TestDriver:352 - Missing expected output (India, -0.2486333987445318) at position 0.
2018-10-31 22:28:36 ERROR TestDriver:352 - Received unexpected output (India, -0.190978069412021) at position 0.
2018-10-31 22:28:36 ERROR TestDriver:352 - Missing expected output (India, -0.2486333987445318) at position 0.
2018-10-31 22:28:36 ERROR TestDriver:352 - Received unexpected output (India, -0.190978069412021) at position 0.
2018-10-31 22:30:24 ERROR TestDriver:352 - Missing expected output (India, -0.2486333987445318) at position 0.
2018-10-31 22:30:24 ERROR TestDriver:352 - Received unexpected output (India, -0.190978069412021) at position 0.
2018-10-31 22:30:24 ERROR TestDriver:352 - Missing expected output (India, -0.2486333987445318) at position 0.
2018-10-31 22:30:24 ERROR TestDriver:352 - Received unexpected output (India, -0.190978069412021) at position 0.
2018-10-31 22:30:24 ERROR TestDriver:352 - Missing expected output (India, -0.2486333987445318) at position 0.
2018-10-31 22:30:24 ERROR TestDriver:352 - Received unexpected output (India, -0.190978069412021) at position 0.
2018-10-31 22:37:01 ERROR TestDriver:352 - Missing expected output (India, -0.03246627180001477) at position 0.
2018-10-31 22:37:01 ERROR TestDriver:352 - Received unexpected output (India, -0.03246627180004357) at position 0.
2018-10-31 22:37:02 ERROR TestDriver:352 - Missing expected output (India, -0.03246627180001477) at position 0.
2018-10-31 22:37:02 ERROR TestDriver:352 - Received unexpected output (India, -0.03246627180004357) at position 0.
2018-10-31 22:37:02 ERROR TestDriver:352 - Missing expected output (India, -0.03246627180001477) at position 0.
2018-10-31 22:37:02 ERROR TestDriver:352 - Received unexpected output (India, -0.03246627180004357) at position 0.
2018-10-31 22:38:06 ERROR TestDriver:352 - Missing expected output (India, -0.03246627907874516) at position 0.
2018-10-31 22:38:06 ERROR TestDriver:352 - Received unexpected output (India, -0.03246627180004357) at position 0.
2018-10-31 22:38:06 ERROR TestDriver:352 - Missing expected output (India, -0.03246627907874516) at position 0.
2018-10-31 22:38:06 ERROR TestDriver:352 - Received unexpected output (India, -0.03246627180004357) at position 0.
2018-10-31 22:38:06 ERROR TestDriver:352 - Missing expected output (India, -0.03246627907874516) at position 0.
2018-10-31 22:38:06 ERROR TestDriver:352 - Received unexpected output (India, -0.03246627180004357) at position 0.
2018-10-31 22:38:58 ERROR TestDriver:352 - Missing expected output (India, -0.03246627180001477) at position 0.
2018-10-31 22:38:58 ERROR TestDriver:352 - Received unexpected output (India, -0.03246627180004357) at position 0.
2018-10-31 22:38:58 ERROR TestDriver:352 - Missing expected output (India, -0.03246627180001477) at position 0.
2018-10-31 22:38:58 ERROR TestDriver:352 - Received unexpected output (India, -0.03246627180004357) at position 0.
2018-10-31 22:38:58 ERROR TestDriver:352 - Missing expected output (India, -0.03246627180001477) at position 0.
2018-10-31 22:38:58 ERROR TestDriver:352 - Received unexpected output (India, -0.03246627180004357) at position 0.
2018-10-31 22:40:10 ERROR TestDriver:352 - Missing expected output (India, -0.03246627180001477) at position 0.
2018-10-31 22:40:10 ERROR TestDriver:352 - Received unexpected output (India, -0.03246627180004357) at position 0.
2018-10-31 22:40:10 ERROR TestDriver:352 - Missing expected output (India, -0.03246627180001477) at position 0.
2018-10-31 22:40:10 ERROR TestDriver:352 - Received unexpected output (India, -0.03246627180004357) at position 0.
2018-10-31 22:40:10 ERROR TestDriver:352 - Missing expected output (India, -0.03246627180001477) at position 0.
2018-10-31 22:40:10 ERROR TestDriver:352 - Received unexpected output (India, -0.03246627180004357) at position 0.
2018-10-31 22:52:48 ERROR TestDriver:352 - Missing expected output (Zimbabwe, 0.7123712713779573) at position 0.
2018-10-31 22:52:48 ERROR TestDriver:352 - Received unexpected output (Zimbabwe, 0.43519094323469076) at position 0.
2018-10-31 22:52:48 ERROR TestDriver:352 - Missing expected output (Zimbabwe, 0.7123712713779573) at position 0.
2018-10-31 22:52:48 ERROR TestDriver:352 - Received unexpected output (Zimbabwe, 0.43519094323469076) at position 0.
2018-10-31 22:52:48 ERROR TestDriver:352 - Missing expected output (Zimbabwe, 0.7123712713779573) at position 0.
2018-10-31 22:52:48 ERROR TestDriver:352 - Received unexpected output (Zimbabwe, 0.43519094323469076) at position 0.
2018-11-01 08:46:07 ERROR TestDriver:352 - Missing expected output (Zimbabwe, 0.12110311613425274) at position 0.
2018-11-01 08:46:07 ERROR TestDriver:352 - Received unexpected output (Zimbabwe, 0.1211031161342352) at position 0.
2018-11-01 08:46:07 ERROR TestDriver:352 - Missing expected output (Zimbabwe, 0.12110311613425274) at position 0.
2018-11-01 08:46:07 ERROR TestDriver:352 - Received unexpected output (Zimbabwe, 0.1211031161342352) at position 0.
2018-11-01 08:46:07 ERROR TestDriver:352 - Missing expected output (Zimbabwe, 0.12110311613425274) at position 0.
2018-11-01 08:46:07 ERROR TestDriver:352 - Received unexpected output (Zimbabwe, 0.1211031161342352) at position 0.
